生成启动时间为 2015/10/8 15:57:11。
     1>项目“F:\自己的程序\C++\pixel put and read\pixel put and read\pixel put and read.vcxproj”在节点 2 上(build 个目标)。
     1>InitializeBuildStatus:
         正在创建“Debug\pixel put and read.unsuccessfulbuild”，因为已指定“AlwaysCreate”。
       ClCompile:
         C:\Program Files (x86)\Microsoft Visual Studio 10.0\VC\bin\CL.exe /c /ZI /nologo /W3 /WX- /Od /Oy- /D WIN32 /D _DEBUG /D _CONSOLE /D _UNICODE /D UNICODE /Gm /EHsc /RTC1 /MDd /GS /fp:precise /Zc:wchar_t /Zc:forScope /Fo"Debug\\" /Fd"Debug\vc100.pdb" /Gd /TP /analyze- /errorReport:prompt "pixel put and read.cpp"
         pixel put and read.cpp
     1>f:\自己的程序\c++\pixel put and read\pixel put and read\pixel put and read.cpp(56): warning C4996: 'fopen': This function or variable may be unsafe. Consider using fopen_s instead. To disable deprecation, use _CRT_SECURE_NO_WARNINGS. See online help for details.
                 c:\program files (x86)\microsoft visual studio 10.0\vc\include\stdio.h(234) : 参见“fopen”的声明
       ManifestResourceCompile:
         所有输出均为最新。
       Link:
         C:\Program Files (x86)\Microsoft Visual Studio 10.0\VC\bin\link.exe /ERRORREPORT:PROMPT /OUT:"F:\自己的程序\C++\pixel put and read\Debug\pixel put and read.exe" /INCREMENTAL /NOLOGO kernel32.lib user32.lib gdi32.lib winspool.lib comdlg32.lib advapi32.lib shell32.lib ole32.lib oleaut32.lib uuid.lib odbc32.lib odbccp32.lib /MANIFEST /ManifestFile:"Debug\pixel put and read.exe.intermediate.manifest" /MANIFESTUAC:"level='asInvoker' uiAccess='false'" /DEBUG /PDB:"F:\自己的程序\C++\pixel put and read\Debug\pixel put and read.pdb" /SUBSYSTEM:CONSOLE /TLBID:1 /DYNAMICBASE /NXCOMPAT /IMPLIB:"F:\自己的程序\C++\pixel put and read\Debug\pixel put and read.lib" /MACHINE:X86 "Debug\pixel put and read.exe.embed.manifest.res"
         "Debug\pixel put and read.obj"
       Manifest:
         C:\Program Files (x86)\Microsoft SDKs\Windows\v7.0A\bin\mt.exe /nologo /verbose /out:"Debug\pixel put and read.exe.embed.manifest" /manifest "Debug\pixel put and read.exe.intermediate.manifest"
         所有输出均为最新。
       LinkEmbedManifest:
         所有输出均为最新。
         pixel put and read.vcxproj -> F:\自己的程序\C++\pixel put and read\Debug\pixel put and read.exe
       FinalizeBuildStatus:
         正在删除文件“Debug\pixel put and read.unsuccessfulbuild”。
         正在对“Debug\pixel put and read.lastbuildstate”执行 Touch 任务。
     1>已完成生成项目“F:\自己的程序\C++\pixel put and read\pixel put and read\pixel put and read.vcxproj”(build 个目标)的操作。

生成成功。

已用时间 00:00:00.67
