生成启动时间为 2015/11/14 11:30:18。
     1>项目“C:\Users\gu\Desktop\Harris\Harris\Harris.vcxproj”在节点 2 上(build 个目标)。
     1>InitializeBuildStatus:
         正在创建“Debug\Harris.unsuccessfulbuild”，因为已指定“AlwaysCreate”。
       ClCompile:
         C:\Program Files\Microsoft Visual Studio 10.0\VC\bin\CL.exe /c /ZI /nologo /W3 /WX- /Od /Oy- /D WIN32 /D _DEBUG /D _CONSOLE /D _UNICODE /D UNICODE /Gm /EHsc /RTC1 /MDd /GS /fp:precise /Zc:wchar_t /Zc:forScope /Fo"Debug\\" /Fd"Debug\vc100.pdb" /Gd /TP /analyze- /errorReport:prompt Harris.cpp
         Harris.cpp
     1>d:\program files\opencv\build\include\opencv2\flann\logger.h(66): warning C4996: 'fopen': This function or variable may be unsafe. Consider using fopen_s instead. To disable deprecation, use _CRT_SECURE_NO_WARNINGS. See online help for details.
                 c:\program files\microsoft visual studio 10.0\vc\include\stdio.h(234) : 参见“fopen”的声明
     1>c:\users\gu\desktop\harris\harris\harris.cpp(89): warning C4305: “=”: 从“double”到“float”截断
     1>c:\users\gu\desktop\harris\harris\harris.cpp(171): warning C4244: “=”: 从“double”转换到“float”，可能丢失数据
     1>c:\users\gu\desktop\harris\harris\harris.cpp(172): warning C4244: “=”: 从“double”转换到“float”，可能丢失数据
     1>c:\users\gu\desktop\harris\harris\harris.cpp(188): warning C4244: “=”: 从“int”转换到“float”，可能丢失数据
     1>c:\users\gu\desktop\harris\harris\harris.cpp(189): warning C4244: “=”: 从“double”转换到“float”，可能丢失数据
     1>c:\users\gu\desktop\harris\harris\harris.cpp(245): warning C4244: “=”: 从“double”转换到“float”，可能丢失数据
       ManifestResourceCompile:
         所有输出均为最新。
       Link:
         C:\Program Files\Microsoft Visual Studio 10.0\VC\bin\link.exe /ERRORREPORT:PROMPT /OUT:"C:\Users\gu\Desktop\Harris\Debug\Harris.exe" /INCREMENTAL /NOLOGO opencv_calib3d248.lib opencv_contrib248.lib opencv_core248.lib opencv_features2d248.lib opencv_flann248.lib opencv_gpu248.lib opencv_highgui248.lib opencv_imgproc248.lib opencv_legacy248.lib opencv_ml248d.lib opencv_objdetect248.lib opencv_ts248.lib opencv_video248.lib opencv_nonfree248.lib opencv_ocl248.lib opencv_photo248.lib opencv_stitching248.lib opencv_superres248.lib opencv_videostab248.lib opencv_calib3d248d.lib opencv_contrib248d.lib opencv_core248d.lib opencv_features2d248d.lib opencv_flann248d.lib opencv_gpu248d.lib opencv_highgui248d.lib opencv_imgproc248d.lib opencv_legacy248d.lib opencv_objdetect248d.lib opencv_ts248d.lib opencv_video248d.lib opencv_nonfree248d.lib opencv_ocl248d.lib opencv_photo248d.lib opencv_stitching248d.lib opencv_superres248d.lib opencv_videostab248d.lib kernel32.lib user32.lib gdi32.lib winspool.lib comdlg32.lib advapi32.lib shell32.lib ole32.lib oleaut32.lib uuid.lib odbc32.lib odbccp32.lib /MANIFEST /ManifestFile:"Debug\Harris.exe.intermediate.manifest" /MANIFESTUAC:"level='asInvoker' uiAccess='false'" /DEBUG /PDB:"C:\Users\gu\Desktop\Harris\Debug\Harris.pdb" /SUBSYSTEM:CONSOLE /TLBID:1 /DYNAMICBASE /NXCOMPAT /IMPLIB:"C:\Users\gu\Desktop\Harris\Debug\Harris.lib" /MACHINE:X86 Debug\Harris.exe.embed.manifest.res
         Debug\Harris.obj
       Manifest:
         C:\Program Files\Microsoft SDKs\Windows\v7.0A\bin\mt.exe /nologo /verbose /out:"Debug\Harris.exe.embed.manifest" /manifest Debug\Harris.exe.intermediate.manifest
         所有输出均为最新。
       LinkEmbedManifest:
         所有输出均为最新。
         Harris.vcxproj -> C:\Users\gu\Desktop\Harris\Debug\Harris.exe
       FinalizeBuildStatus:
         正在删除文件“Debug\Harris.unsuccessfulbuild”。
         正在对“Debug\Harris.lastbuildstate”执行 Touch 任务。
     1>已完成生成项目“C:\Users\gu\Desktop\Harris\Harris\Harris.vcxproj”(build 个目标)的操作。

生成成功。

已用时间 00:00:04.61
