生成启动时间为 2016/3/21 17:13:50。
     1>项目“K:\程序\自己\C++\sift\sift\sift.vcxproj”在节点 2 上(build 个目标)。
     1>InitializeBuildStatus:
         正在创建“Debug\sift.unsuccessfulbuild”，因为已指定“AlwaysCreate”。
       ClCompile:
         C:\Program Files (x86)\Microsoft Visual Studio 10.0\VC\bin\CL.exe /c /ZI /nologo /W3 /WX- /Od /Oy- /D WIN32 /D _DEBUG /D _CONSOLE /D _UNICODE /D UNICODE /Gm /EHsc /RTC1 /MDd /GS /fp:precise /Zc:wchar_t /Zc:forScope /Fo"Debug\\" /Fd"Debug\vc100.pdb" /Gd /TP /analyze- /errorReport:prompt main.cpp sift.cpp
         sift.cpp
     1>k:\程序\自己\c++\sift\sift\sift.cpp(934): warning C4018: “<”: 有符号/无符号不匹配
     1>k:\程序\自己\c++\sift\sift\sift.cpp(946): warning C4018: “<”: 有符号/无符号不匹配
     1>k:\程序\自己\c++\sift\sift\sift.cpp(1197): warning C4244: “初始化”: 从“double”转换到“int”，可能丢失数据
     1>k:\程序\自己\c++\sift\sift\sift.cpp(1273): warning C4244: “=”: 从“double”转换到“int”，可能丢失数据
     1>k:\程序\自己\c++\sift\sift\sift.cpp(1283): warning C4018: “<”: 有符号/无符号不匹配
     1>k:\程序\自己\c++\sift\sift\sift.cpp(1316): warning C4244: “初始化”: 从“double”转换到“int”，可能丢失数据
     1>k:\程序\自己\c++\sift\sift\sift.cpp(1391): warning C4018: “<”: 有符号/无符号不匹配
     1>k:\程序\自己\c++\sift\sift\sift.cpp(1400): warning C4018: “<”: 有符号/无符号不匹配
     1>k:\程序\自己\c++\sift\sift\sift.cpp(1404): warning C4244: “参数”: 从“double”转换到“int”，可能丢失数据
     1>k:\程序\自己\c++\sift\sift\sift.cpp(1404): warning C4244: “参数”: 从“double”转换到“int”，可能丢失数据
     1>k:\程序\自己\c++\sift\sift\sift.cpp(1412): warning C4129: “.”: 不可识别的字符转义序列
     1>k:\程序\自己\c++\sift\sift\sift.cpp(1447): warning C4018: “<”: 有符号/无符号不匹配
     1>k:\程序\自己\c++\sift\sift\sift.cpp(1479): warning C4018: “<”: 有符号/无符号不匹配
         main.cpp
     1>d:\program files\opencv\build\include\opencv2\flann\logger.h(66): warning C4996: 'fopen': This function or variable may be unsafe. Consider using fopen_s instead. To disable deprecation, use _CRT_SECURE_NO_WARNINGS. See online help for details.
                 c:\program files (x86)\microsoft visual studio 10.0\vc\include\stdio.h(234) : 参见“fopen”的声明
         正在生成代码...
       ManifestResourceCompile:
         C:\Program Files (x86)\Microsoft SDKs\Windows\v7.0A\bin\rc.exe /nologo /fo"Debug\sift.exe.embed.manifest.res" Debug\sift_manifest.rc 
       Link:
         C:\Program Files (x86)\Microsoft Visual Studio 10.0\VC\bin\link.exe /ERRORREPORT:PROMPT /OUT:"K:\程序\自己\C++\sift\Debug\sift.exe" /INCREMENTAL /NOLOGO opencv_ml248d.lib opencv_calib3d248d.lib opencv_contrib248d.lib opencv_core248d.lib opencv_features2d248d.lib opencv_flann248d.lib opencv_gpu248d.lib opencv_highgui248d.lib opencv_imgproc248d.lib opencv_legacy248d.lib opencv_objdetect248d.lib opencv_ts248d.lib opencv_video248d.lib opencv_nonfree248d.lib opencv_ocl248d.lib opencv_photo248d.lib opencv_stitching248d.lib opencv_superres248d.lib opencv_videostab248d.lib kernel32.lib user32.lib gdi32.lib winspool.lib comdlg32.lib advapi32.lib shell32.lib ole32.lib oleaut32.lib uuid.lib odbc32.lib odbccp32.lib /MANIFEST /ManifestFile:"Debug\sift.exe.intermediate.manifest" /MANIFESTUAC:"level='asInvoker' uiAccess='false'" /DEBUG /PDB:"K:\程序\自己\C++\sift\Debug\sift.pdb" /SUBSYSTEM:CONSOLE /TLBID:1 /DYNAMICBASE /NXCOMPAT /IMPLIB:"K:\程序\自己\C++\sift\Debug\sift.lib" /MACHINE:X86 Debug\sift.exe.embed.manifest.res
         Debug\main.obj
         Debug\sift.obj
       Manifest:
         C:\Program Files (x86)\Microsoft SDKs\Windows\v7.0A\bin\mt.exe /nologo /verbose /out:"Debug\sift.exe.embed.manifest" /manifest Debug\sift.exe.intermediate.manifest
         所有输出均为最新。
       LinkEmbedManifest:
         所有输出均为最新。
         sift.vcxproj -> K:\程序\自己\C++\sift\Debug\sift.exe
       FinalizeBuildStatus:
         正在删除文件“Debug\sift.unsuccessfulbuild”。
         正在对“Debug\sift.lastbuildstate”执行 Touch 任务。
     1>已完成生成项目“K:\程序\自己\C++\sift\sift\sift.vcxproj”(build 个目标)的操作。

生成成功。

已用时间 00:00:14.90
