生成启动时间为 2015/11/11 16:10:36。
     1>项目“E:\自己的程序\opencv\Harris\Harris\Harris.vcxproj”在节点 2 上(build 个目标)。
     1>InitializeBuildStatus:
         正在创建“Release\Harris.unsuccessfulbuild”，因为已指定“AlwaysCreate”。
       ClCompile:
         C:\Program Files\Microsoft Visual Studio 10.0\VC\bin\CL.exe /c /Zi /nologo /W3 /WX- /O2 /Oi /Oy- /GL /D WIN32 /D NDEBUG /D _CONSOLE /D _UNICODE /D UNICODE /Gm- /EHsc /MD /GS /Gy /fp:precise /Zc:wchar_t /Zc:forScope /Fo"Release\\" /Fd"Release\vc100.pdb" /Gd /TP /analyze- /errorReport:prompt Harris.cpp
         Harris.cpp
       Link:
         C:\Program Files\Microsoft Visual Studio 10.0\VC\bin\link.exe /ERRORREPORT:PROMPT /OUT:"E:\自己的程序\opencv\Harris\Release\Harris.exe" /INCREMENTAL:NO /NOLOGO opencv_calib3d248.lib opencv_contrib248.lib opencv_core248.lib opencv_features2d248.lib opencv_flann248.lib opencv_gpu248.lib opencv_highgui248.lib opencv_imgproc248.lib opencv_legacy248.lib opencv_ml248d.lib opencv_objdetect248.lib opencv_ts248.lib opencv_video248.lib opencv_nonfree248.lib opencv_ocl248.lib opencv_photo248.lib opencv_stitching248.lib opencv_superres248.lib opencv_videostab248.lib opencv_calib3d248d.lib opencv_contrib248d.lib opencv_core248d.lib opencv_features2d248d.lib opencv_flann248d.lib opencv_gpu248d.lib opencv_highgui248d.lib opencv_imgproc248d.lib opencv_legacy248d.lib opencv_objdetect248d.lib opencv_ts248d.lib opencv_video248d.lib opencv_nonfree248d.lib opencv_ocl248d.lib opencv_photo248d.lib opencv_stitching248d.lib opencv_superres248d.lib opencv_videostab248d.lib kernel32.lib user32.lib gdi32.lib winspool.lib comdlg32.lib advapi32.lib shell32.lib ole32.lib oleaut32.lib uuid.lib odbc32.lib odbccp32.lib /MANIFEST /ManifestFile:"Release\Harris.exe.intermediate.manifest" /MANIFESTUAC:"level='asInvoker' uiAccess='false'" /DEBUG /PDB:"E:\自己的程序\opencv\Harris\Release\Harris.pdb" /SUBSYSTEM:CONSOLE /OPT:REF /OPT:ICF /LTCG /TLBID:1 /DYNAMICBASE /NXCOMPAT /IMPLIB:"E:\自己的程序\opencv\Harris\Release\Harris.lib" /MACHINE:X86 Release\Harris.obj
         正在生成代码
         已完成代码的生成
         Harris.vcxproj -> E:\自己的程序\opencv\Harris\Release\Harris.exe
       Manifest:
         C:\Program Files\Microsoft SDKs\Windows\v7.0A\bin\mt.exe /nologo /verbose /outputresource:"E:\自己的程序\opencv\Harris\Release\Harris.exe;#1" /manifest Release\Harris.exe.intermediate.manifest
       FinalizeBuildStatus:
         正在删除文件“Release\Harris.unsuccessfulbuild”。
         正在对“Release\Harris.lastbuildstate”执行 Touch 任务。
     1>已完成生成项目“E:\自己的程序\opencv\Harris\Harris\Harris.vcxproj”(build 个目标)的操作。

生成成功。

已用时间 00:00:02.29
