生成启动时间为 2015/10/19 星期一 下午 8:20:01。
     1>项目“E:\自己的程序\C++\xuanzhuan color\xuanzhuan color\xuanzhuan color.vcxproj”在节点 2 上(build 个目标)。
     1>InitializeBuildStatus:
         正在创建“Debug\xuanzhuan color.unsuccessfulbuild”，因为已指定“AlwaysCreate”。
       ClCompile:
         C:\Program Files\Microsoft Visual Studio 10.0\VC\bin\CL.exe /c /ZI /nologo /W3 /WX- /Od /Oy- /D WIN32 /D _DEBUG /D _CONSOLE /D _UNICODE /D UNICODE /Gm /EHsc /RTC1 /MDd /GS /fp:precise /Zc:wchar_t /Zc:forScope /Fo"Debug\\" /Fd"Debug\vc100.pdb" /Gd /TP /analyze- /errorReport:prompt BmpRot.cpp
         BmpRot.cpp
     1>e:\自己的程序\c++\xuanzhuan color\xuanzhuan color\bmprot.cpp(50): warning C4996: 'fopen': This function or variable may be unsafe. Consider using fopen_s instead. To disable deprecation, use _CRT_SECURE_NO_WARNINGS. See online help for details.
                 c:\program files\microsoft visual studio 10.0\vc\include\stdio.h(234) : 参见“fopen”的声明
     1>e:\自己的程序\c++\xuanzhuan color\xuanzhuan color\bmprot.cpp(144): warning C4996: 'fopen': This function or variable may be unsafe. Consider using fopen_s instead. To disable deprecation, use _CRT_SECURE_NO_WARNINGS. See online help for details.
                 c:\program files\microsoft visual studio 10.0\vc\include\stdio.h(234) : 参见“fopen”的声明
     1>e:\自己的程序\c++\xuanzhuan color\xuanzhuan color\bmprot.cpp(43): warning C4101: “strFile”: 未引用的局部变量
       Link:
         C:\Program Files\Microsoft Visual Studio 10.0\VC\bin\link.exe /ERRORREPORT:PROMPT /OUT:"E:\自己的程序\C++\xuanzhuan color\Debug\xuanzhuan color.exe" /INCREMENTAL /NOLOGO kernel32.lib user32.lib gdi32.lib winspool.lib comdlg32.lib advapi32.lib shell32.lib ole32.lib oleaut32.lib uuid.lib odbc32.lib odbccp32.lib /MANIFEST /ManifestFile:"Debug\xuanzhuan color.exe.intermediate.manifest" /MANIFESTUAC:"level='asInvoker' uiAccess='false'" /DEBUG /PDB:"E:\自己的程序\C++\xuanzhuan color\Debug\xuanzhuan color.pdb" /SUBSYSTEM:CONSOLE /TLBID:1 /DYNAMICBASE /NXCOMPAT /IMPLIB:"E:\自己的程序\C++\xuanzhuan color\Debug\xuanzhuan color.lib" /MACHINE:X86 Debug\BmpRot.obj
         xuanzhuan color.vcxproj -> E:\自己的程序\C++\xuanzhuan color\Debug\xuanzhuan color.exe
       Manifest:
         C:\Program Files\Microsoft SDKs\Windows\v7.0A\bin\mt.exe /nologo /verbose /out:"E:\自己的程序\C++\xuanzhuan color\Debug\xuanzhuan color.exe.manifest" /manifest "Debug\xuanzhuan color.exe.intermediate.manifest"
       FinalizeBuildStatus:
         正在删除文件“Debug\xuanzhuan color.unsuccessfulbuild”。
         正在对“Debug\xuanzhuan color.lastbuildstate”执行 Touch 任务。
     1>已完成生成项目“E:\自己的程序\C++\xuanzhuan color\xuanzhuan color\xuanzhuan color.vcxproj”(build 个目标)的操作。

生成成功。

已用时间 00:00:01.41
